/bin/bash: /Users/seungkikim/Desktop/seungki1011.github.io/auto-push.sh: Operation not permitted
/bin/bash: /Users/seungkikim/Desktop/seungki1011.github.io/auto-push.sh: Operation not permitted
/bin/bash: /Users/seungkikim/Desktop/seungki1011.github.io/auto-push.sh: Operation not permitted
/bin/bash: /Users/seungkikim/Desktop/seungki1011.github.io/auto-push.sh: Operation not permitted
[main 00000e5] Docs: Automated commit for Reddit news
 2 files changed, 13 insertions(+)
 create mode 100644 api.log
 create mode 100644 scriptlog.log
fatal: could not read Username for 'https://github.com': Device not configured
Git automation script executed successfully.
[main 1a39714] Docs: Automated commit for Reddit news
 4 files changed, 481 insertions(+)
 create mode 100644 _news/2023-09-23-reddit_news_posts.md
 create mode 100644 _news/2023-09-24-reddit_news_posts.md
To https://github.com/seungki1011/seungki1011.github.io.git
   25a9700..1a39714  main -> main
Git automation script executed successfully.
[main 983e543] Docs: Automated commit for Reddit news
 1 file changed, 7 insertions(+)
To https://github.com/seungki1011/seungki1011.github.io.git
   1a39714..983e543  main -> main
Git automation script executed successfully.
[main 4c8a2ea] Docs: Automated commit for Reddit news
 4 files changed, 985 insertions(+)
 create mode 100644 _news/2023-09-25-reddit_news_posts.md
 create mode 100644 _news/2023-09-26-reddit_news_posts.md
To https://github.com/seungki1011/seungki1011.github.io.git
   983e543..4c8a2ea  main -> main
Git automation script executed successfully.
warning: in the working copy of '_posts/2022-09-07-python_6.md', CRLF will be replaced by LF the next time Git touches it
[main 5f85db4] Docs: Automated commit for Reddit news
 3 files changed, 474 insertions(+)
 create mode 100644 _news/2023-09-28-reddit_news_posts.md
To https://github.com/seungki1011/seungki1011.github.io.git
   4c8a2ea..5f85db4  main -> main
Git automation script executed successfully.
[main 73480e0] Docs: Automated commit for Reddit news
 3 files changed, 480 insertions(+)
 create mode 100644 _news/2023-09-29-reddit_news_posts.md
To https://github.com/seungki1011/seungki1011.github.io.git
   5f85db4..73480e0  main -> main
Git automation script executed successfully.
[main 3944095] Docs: Automated commit for Reddit news
 1 file changed, 6 insertions(+)
To https://github.com/seungki1011/seungki1011.github.io.git
   73480e0..3944095  main -> main
Git automation script executed successfully.
warning: in the working copy of '_posts/2022-09-07-python_6.md', CRLF will be replaced by LF the next time Git touches it
[main 34dc1ed] Docs: Automated commit for Reddit news
 11 files changed, 1463 insertions(+)
 create mode 100644 _news/2023-09-30-reddit_news_posts.md
 create mode 100644 _news/2023-10-02-reddit_news_posts.md
 create mode 100644 draft-post/2023-05-05-leet_code_python_1.md
 create mode 100644 draft-post/2023-05-06-leet_code_python_2.md
 create mode 100644 draft-post/2023-05-07-leet_code_python_3.md
 create mode 100644 draft-post/2023-08-05-data_engineer_ibm_1.md
 create mode 100644 post_images/2023-08-05-data_engineer_ibm_1/data-sources.png
 create mode 100644 post_images/2023-08-05-data_engineer_ibm_1/data_ecosystem.jpeg
 create mode 100644 post_images/coursera_ibm.png
To https://github.com/seungki1011/seungki1011.github.io.git
   3944095..34dc1ed  main -> main
Git automation script executed successfully.
[main 91764b3] Docs: Automated commit for Reddit news
 3 files changed, 264 insertions(+)
 create mode 100644 _news/2023-10-04-reddit_news_posts.md
To https://github.com/seungki1011/seungki1011.github.io.git
   4dfc98d..91764b3  main -> main
Git automation script executed successfully.
